<?xml version="1.0" encoding="UTF-8"?>
<testsuite xmlns:xsi="http://www.w3.org/2001/XMLSchema-instance" xsi:noNamespaceSchemaLocation="https://maven.apache.org/surefire/maven-surefire-plugin/xsd/surefire-test-report.xsd" name="de.unikoblenz.emoflon.tgg.mutationtest.tests.TGGRuleUtilTest" time="28.904" tests="2" errors="0" skipped="0" failures="0">
  <properties>
    <property name="awt.toolkit" value="sun.awt.X11.XToolkit"/>
    <property name="java.specification.version" value="1.8"/>
    <property name="sun.cpu.isalist" value=""/>
    <property name="sun.jnu.encoding" value="UTF-8"/>
    <property name="osgi.nl" value="en_US"/>
    <property name="osgi.syspath" value="/home/speldszus/.m2/repository/p2/osgi/bundle/org.eclipse.osgi/3.14.0.v20190517-1309"/>
    <property name="sun.arch.data.model" value="64"/>
    <property name="equinox.init.uuid" value="true"/>
    <property name="ds.delayed.keepInstances.default" value="true"/>
    <property name="java.vendor.url" value="http://java.oracle.com/"/>
    <property name="org.osgi.framework.system.capabilities" value="osgi.ee; osgi.ee=&quot;OSGi/Minimum&quot;; version:List&lt;Version&gt;=&quot;1.0, 1.1, 1.2&quot;,osgi.ee; osgi.ee=&quot;JRE&quot;; version:List&lt;Version&gt;=&quot;1.0, 1.1&quot;,osgi.ee; osgi.ee=&quot;JavaSE&quot;; version:List&lt;Version&gt;=&quot;1.0, 1.1, 1.2, 1.3, 1.4, 1.5, 1.6, 1.7, 1.8&quot;,osgi.ee; osgi.ee=&quot;JavaSE/compact1&quot;; version:List&lt;Version&gt;=&quot;1.8&quot;,osgi.ee; osgi.ee=&quot;JavaSE/compact2&quot;; version:List&lt;Version&gt;=&quot;1.8&quot;,osgi.ee; osgi.ee=&quot;JavaSE/compact3&quot;; version:List&lt;Version&gt;=&quot;1.8&quot;"/>
    <property name="sun.boot.library.path" value="/usr/lib/jvm/java-8-oracle/jre/lib/amd64"/>
    <property name="sun.java.command" value="/home/speldszus/.m2/repository/p2/osgi/bundle/org.eclipse.equinox.launcher/1.5.400.v20190515-0925/org.eclipse.equinox.launcher-1.5.400.v20190515-0925.jar -data /home/speldszus/Documents/git/emoflon-tgg-mutation-test-tool/tests/de.unikoblenz.emoflon.tgg.mutationtest.tests/target/work/data -install /home/speldszus/Documents/git/emoflon-tgg-mutation-test-tool/tests/de.unikoblenz.emoflon.tgg.mutationtest.tests/target/work -configuration /home/speldszus/Documents/git/emoflon-tgg-mutation-test-tool/tests/de.unikoblenz.emoflon.tgg.mutationtest.tests/target/work/configuration -application org.eclipse.tycho.surefire.osgibooter.headlesstest -testproperties /home/speldszus/Documents/git/emoflon-tgg-mutation-test-tool/tests/de.unikoblenz.emoflon.tgg.mutationtest.tests/target/surefire.properties -testApplication org.eclipse.pde.junit.runtime.coretestapplication -product org.eclipse.platform.ide"/>
    <property name="org.osgi.supports.framework.requirebundle" value="true"/>
    <property name="osgi.arch" value="x86_64"/>
    <property name="org.osgi.framework.system.packages" value="java.applet,java.awt,java.awt.color,java.awt.datatransfer,java.awt.dnd,java.awt.event,java.awt.font,java.awt.geom,java.awt.im,java.awt.im.spi,java.awt.image,java.awt.image.renderable,java.awt.print,java.beans,java.beans.beancontext,java.io,java.lang,java.lang.annotation,java.lang.instrument,java.lang.invoke,java.lang.management,java.lang.ref,java.lang.reflect,java.math,java.net,java.nio,java.nio.channels,java.nio.channels.spi,java.nio.charset,java.nio.charset.spi,java.nio.file,java.nio.file.attribute,java.nio.file.spi,java.rmi,java.rmi.activation,java.rmi.dgc,java.rmi.registry,java.rmi.server,java.security,java.security.acl,java.security.cert,java.security.interfaces,java.security.spec,java.sql,java.text,java.text.spi,java.time,java.time.chrono,java.time.format,java.time.temporal,java.time.zone,java.util,java.util.concurrent,java.util.concurrent.atomic,java.util.concurrent.locks,java.util.function,java.util.jar,java.util.logging,java.util.prefs,java.util.regex,java.util.spi,java.util.stream,java.util.zip,javax.accessibility,javax.activation,javax.activity,javax.annotation,javax.annotation.processing,javax.crypto,javax.crypto.interfaces,javax.crypto.spec,javax.imageio,javax.imageio.event,javax.imageio.metadata,javax.imageio.plugins.bmp,javax.imageio.plugins.jpeg,javax.imageio.spi,javax.imageio.stream,javax.jws,javax.jws.soap,javax.lang.model,javax.lang.model.element,javax.lang.model.type,javax.lang.model.util,javax.management,javax.management.loading,javax.management.modelmbean,javax.management.monitor,javax.management.openmbean,javax.management.relation,javax.management.remote,javax.management.remote.rmi,javax.management.timer,javax.naming,javax.naming.directory,javax.naming.event,javax.naming.ldap,javax.naming.spi,javax.net,javax.net.ssl,javax.print,javax.print.attribute,javax.print.attribute.standard,javax.print.event,javax.rmi,javax.rmi.CORBA,javax.rmi.ssl,javax.script,javax.security.auth,javax.security.auth.callback,javax.security.auth.kerberos,javax.security.auth.login,javax.security.auth.spi,javax.security.auth.x500,javax.security.cert,javax.security.sasl,javax.sound.midi,javax.sound.midi.spi,javax.sound.sampled,javax.sound.sampled.spi,javax.sql,javax.sql.rowset,javax.sql.rowset.serial,javax.sql.rowset.spi,javax.swing,javax.swing.border,javax.swing.colorchooser,javax.swing.event,javax.swing.filechooser,javax.swing.plaf,javax.swing.plaf.basic,javax.swing.plaf.metal,javax.swing.plaf.multi,javax.swing.plaf.nimbus,javax.swing.plaf.synth,javax.swing.table,javax.swing.text,javax.swing.text.html,javax.swing.text.html.parser,javax.swing.text.rtf,javax.swing.tree,javax.swing.undo,javax.tools,javax.transaction,javax.transaction.xa,javax.xml,javax.xml.bind,javax.xml.bind.annotation,javax.xml.bind.annotation.adapters,javax.xml.bind.attachment,javax.xml.bind.helpers,javax.xml.bind.util,javax.xml.crypto,javax.xml.crypto.dom,javax.xml.crypto.dsig,javax.xml.crypto.dsig.dom,javax.xml.crypto.dsig.keyinfo,javax.xml.crypto.dsig.spec,javax.xml.datatype,javax.xml.namespace,javax.xml.parsers,javax.xml.soap,javax.xml.stream,javax.xml.stream.events,javax.xml.stream.util,javax.xml.transform,javax.xml.transform.dom,javax.xml.transform.sax,javax.xml.transform.stax,javax.xml.transform.stream,javax.xml.validation,javax.xml.ws,javax.xml.ws.handler,javax.xml.ws.handler.soap,javax.xml.ws.http,javax.xml.ws.soap,javax.xml.ws.spi,javax.xml.ws.spi.http,javax.xml.ws.wsaddressing,javax.xml.xpath,org.ietf.jgss,org.omg.CORBA,org.omg.CORBA_2_3,org.omg.CORBA_2_3.portable,org.omg.CORBA.DynAnyPackage,org.omg.CORBA.ORBPackage,org.omg.CORBA.portable,org.omg.CORBA.TypeCodePackage,org.omg.CosNaming,org.omg.CosNaming.NamingContextExtPackage,org.omg.CosNaming.NamingContextPackage,org.omg.Dynamic,org.omg.DynamicAny,org.omg.DynamicAny.DynAnyFactoryPackage,org.omg.DynamicAny.DynAnyPackage,org.omg.IOP,org.omg.IOP.CodecFactoryPackage,org.omg.IOP.CodecPackage,org.omg.Messaging,org.omg.PortableInterceptor,org.omg.PortableInterceptor.ORBInitInfoPackage,org.omg.PortableServer,org.omg.PortableServer.CurrentPackage,org.omg.PortableServer.POAManagerPackage,org.omg.PortableServer.POAPackage,org.omg.PortableServer.portable,org.omg.PortableServer.ServantLocatorPackage,org.omg.SendingContext,org.omg.stub.java.rmi,org.w3c.dom,org.w3c.dom.bootstrap,org.w3c.dom.css,org.w3c.dom.events,org.w3c.dom.html,org.w3c.dom.ls,org.w3c.dom.ranges,org.w3c.dom.stylesheets,org.w3c.dom.traversal,org.w3c.dom.views,org.w3c.dom.xpath,org.xml.sax,org.xml.sax.ext,org.xml.sax.helpers"/>
    <property name="org.osgi.framework.language" value="en"/>
    <property name="java.specification.vendor" value="Oracle Corporation"/>
    <property name="eclipse.application" value="org.eclipse.tycho.surefire.osgibooter.headlesstest"/>
    <property name="gosh.args" value="--nointeractive"/>
    <property name="java.home" value="/usr/lib/jvm/java-8-oracle/jre"/>
    <property name="file.separator" value="/"/>
    <property name="osgi.noShutdown" value="false"/>
    <property name="line.separator" value="&#10;"/>
    <property name="org.osgi.framework.executionenvironment" value="OSGi/Minimum-1.0,OSGi/Minimum-1.1,OSGi/Minimum-1.2,JavaSE/compact1-1.8,JavaSE/compact2-1.8,JavaSE/compact3-1.8,JRE-1.1,J2SE-1.2,J2SE-1.3,J2SE-1.4,J2SE-1.5,JavaSE-1.6,JavaSE-1.7,JavaSE-1.8"/>
    <property name="java.vm.specification.vendor" value="Oracle Corporation"/>
    <property name="osgi.compatibility.bootdelegation.default" value="true"/>
    <property name="java.specification.name" value="Java Platform API Specification"/>
    <property name="sun.boot.class.path" value="/usr/lib/jvm/java-8-oracle/jre/lib/resources.jar:/usr/lib/jvm/java-8-oracle/jre/lib/rt.jar:/usr/lib/jvm/java-8-oracle/jre/lib/sunrsasign.jar:/usr/lib/jvm/java-8-oracle/jre/lib/jsse.jar:/usr/lib/jvm/java-8-oracle/jre/lib/jce.jar:/usr/lib/jvm/java-8-oracle/jre/lib/charsets.jar:/usr/lib/jvm/java-8-oracle/jre/lib/jfr.jar:/usr/lib/jvm/java-8-oracle/jre/classes"/>
    <property name="sun.management.compiler" value="HotSpot 64-Bit Tiered Compilers"/>
    <property name="java.runtime.version" value="1.8.0_201-b09"/>
    <property name="user.name" value="speldszus"/>
    <property name="osgi.framework.useSystemProperties" value="true"/>
    <property name="org.osgi.framework.vendor" value="Eclipse"/>
    <property name="file.encoding" value="UTF-8"/>
    <property name="osgi.dev" value="file:/home/speldszus/Documents/git/emoflon-tgg-mutation-test-tool/tests/de.unikoblenz.emoflon.tgg.mutationtest.tests/target/work/dev.properties"/>
    <property name="java.io.tmpdir" value="/tmp"/>
    <property name="eclipse.home.location" value="file:/home/speldszus/Documents/git/emoflon-tgg-mutation-test-tool/tests/de.unikoblenz.emoflon.tgg.mutationtest.tests/target/work/"/>
    <property name="java.version" value="1.8.0_201"/>
    <property name="osgi.bundles.defaultStartLevel" value="4"/>
    <property name="java.vm.specification.name" value="Java Virtual Machine Specification"/>
    <property name="java.awt.printerjob" value="sun.print.PSPrinterJob"/>
    <property name="sun.os.patch.level" value="unknown"/>
    <property name="osgi.configuration.cascaded" value="false"/>
    <property name="java.library.path" value="/usr/java/packages/lib/amd64:/usr/lib64:/lib64:/lib:/usr/lib"/>
    <property name="java.vendor" value="Oracle Corporation"/>
    <property name="sun.io.unicode.encoding" value="UnicodeLittle"/>
    <property name="eclipse.stateSaveDelayInterval" value="30000"/>
    <property name="sun.desktop" value="gnome"/>
    <property name="osgi.checkConfiguration" value="true"/>
    <property name="file.encoding.pkg" value="sun.io"/>
    <property name="org.osgi.framework.version" value="1.9.0"/>
    <property name="java.class.path" value="/home/speldszus/.m2/repository/p2/osgi/bundle/org.eclipse.equinox.launcher/1.5.400.v20190515-0925/org.eclipse.equinox.launcher-1.5.400.v20190515-0925.jar:/home/speldszus/.m2/repository/org/jacoco/org.jacoco.agent/0.8.4/org.jacoco.agent-0.8.4-runtime.jar"/>
    <property name="osgi.bundlefile.limit" value="100"/>
    <property name="java.vm.vendor" value="Oracle Corporation"/>
    <property name="user.timezone" value="Europe/Berlin"/>
    <property name="org.osgi.framework.uuid" value="b2058096-0745-47fe-9970-7925b906f4f3"/>
    <property name="os.name" value="Linux"/>
    <property name="org.osgi.framework.processor" value="x86-64"/>
    <property name="java.vm.specification.version" value="1.8"/>
    <property name="sun.java.launcher" value="SUN_STANDARD"/>
    <property name="user.country" value="US"/>
    <property name="sun.cpu.endian" value="little"/>
    <property name="osgi.logfile" value="/home/speldszus/Documents/git/emoflon-tgg-mutation-test-tool/tests/de.unikoblenz.emoflon.tgg.mutationtest.tests/target/work/data/.metadata/.log"/>
    <property name="osgi.install.area" value="file:/home/speldszus/Documents/git/emoflon-tgg-mutation-test-tool/tests/de.unikoblenz.emoflon.tgg.mutationtest.tests/target/work/"/>
    <property name="user.home" value="/home/speldszus"/>
    <property name="user.language" value="en"/>
    <property name="osgi.tracefile" value="/home/speldszus/Documents/git/emoflon-tgg-mutation-test-tool/tests/de.unikoblenz.emoflon.tgg.mutationtest.tests/target/work/data/.metadata/trace.log"/>
    <property name="java.awt.graphicsenv" value="sun.awt.X11GraphicsEnvironment"/>
    <property name="ds.delayed.keepInstances" value="true"/>
    <property name="eclipse.product" value="org.eclipse.platform.ide"/>
    <property name="eclipse.commands" value="-data&#10;/home/speldszus/Documents/git/emoflon-tgg-mutation-test-tool/tests/de.unikoblenz.emoflon.tgg.mutationtest.tests/target/work/data&#10;-install&#10;/home/speldszus/Documents/git/emoflon-tgg-mutation-test-tool/tests/de.unikoblenz.emoflon.tgg.mutationtest.tests/target/work&#10;-configuration&#10;/home/speldszus/Documents/git/emoflon-tgg-mutation-test-tool/tests/de.unikoblenz.emoflon.tgg.mutationtest.tests/target/work/configuration&#10;-application&#10;org.eclipse.tycho.surefire.osgibooter.headlesstest&#10;-testproperties&#10;/home/speldszus/Documents/git/emoflon-tgg-mutation-test-tool/tests/de.unikoblenz.emoflon.tgg.mutationtest.tests/target/surefire.properties&#10;-testApplication&#10;org.eclipse.pde.junit.runtime.coretestapplication&#10;-product&#10;org.eclipse.platform.ide&#10;"/>
    <property name="path.separator" value=":"/>
    <property name="osgi.compatibility.bootdelegation" value="true"/>
    <property name="os.version" value="5.0.0-25-generic"/>
    <property name="java.endorsed.dirs" value="/usr/lib/jvm/java-8-oracle/jre/lib/endorsed"/>
    <property name="java.runtime.name" value="Java(TM) SE Runtime Environment"/>
    <property name="org.osgi.supports.framework.fragment" value="true"/>
    <property name="osgi.bundles" value="reference:file:/home/speldszus/.m2/repository/p2/osgi/bundle/com.google.guava/21.0.0.v20170206-1425/com.google.guava-21.0.0.v20170206-1425.jar,reference:file:/home/speldszus/.m2/repository/p2/osgi/bundle/com.google.inject/3.0.0.v201605172100/com.google.inject-3.0.0.v201605172100.jar,reference:file:/home/speldszus/.m2/repository/p2/osgi/bundle/javax.inject/1.0.0.v20091030/javax.inject-1.0.0.v20091030.jar,reference:file:/home/speldszus/.m2/repository/p2/osgi/bundle/com.ibm.icu/64.2.0.v20190507-1337/com.ibm.icu-64.2.0.v20190507-1337.jar,reference:file:/home/speldszus/.m2/repository/p2/osgi/bundle/com.jcraft.jsch/0.1.55.v20190404-1902/com.jcraft.jsch-0.1.55.v20190404-1902.jar,reference:file:/home/speldszus/Documents/git/emoflon-tgg-mutation-test-tool/bundles/de.unikoblenz.emoflon.tgg.mutationtest/target/de.unikoblenz.emoflon.tgg.mutationtest-1.0.0-SNAPSHOT.jar,reference:file:/home/speldszus/.m2/repository/p2/osgi/bundle/org.eclipse.core.runtime/3.15.300.v20190508-0543/org.eclipse.core.runtime-3.15.300.v20190508-0543.jar@4:start,reference:file:/home/speldszus/.m2/repository/p2/osgi/bundle/org.eclipse.core.resources/3.13.400.v20190505-1655/org.eclipse.core.resources-3.13.400.v20190505-1655.jar,reference:file:/home/speldszus/.m2/repository/p2/osgi/bundle/org.emoflon.ibex.tgg.ide/1.0.0.201908190956/org.emoflon.ibex.tgg.ide-1.0.0.201908190956.jar,reference:file:/home/speldszus/.m2/repository/p2/osgi/bundle/org.eclipse.xtext/2.18.0.v20190528-0021/org.eclipse.xtext-2.18.0.v20190528-0021.jar,reference:file:/home/speldszus/.m2/repository/p2/osgi/bundle/org.emoflon.ibex.tgg.editor/1.0.0.201908190956/org.emoflon.ibex.tgg.editor-1.0.0.201908190956.jar,reference:file:/home/speldszus/Documents/git/emoflon-tgg-mutation-test-tool/tests/de.unikoblenz.emoflon.tgg.mutationtest.tests,reference:file:/home/speldszus/.m2/repository/p2/osgi/bundle/org.gravity.eclipse/1.0.0.201909021812/org.gravity.eclipse-1.0.0.201909021812.jar,reference:file:/home/speldszus/.m2/repository/p2/osgi/bundle/org.junit/4.12.0.v201504281640/org.junit-4.12.0.v201504281640.jar,reference:file:/home/speldszus/.m2/repository/p2/osgi/bundle/javaewah/1.1.6.v20160919-1400/javaewah-1.1.6.v20160919-1400.jar,reference:file:/home/speldszus/.m2/repository/p2/osgi/bundle/org.eclipse.ui.ide/3.15.200.v20190519-2104/org.eclipse.ui.ide-3.15.200.v20190519-2104.jar,reference:file:/home/speldszus/.m2/repository/p2/osgi/bundle/org.eclipse.ui/3.113.0.v20190513-2118/org.eclipse.ui-3.113.0.v20190513-2118.jar,reference:file:/home/speldszus/.m2/repository/p2/osgi/bundle/net.sourceforge.plantuml.lib/1.2019.0/net.sourceforge.plantuml.lib-1.2019.0.jar,reference:file:/home/speldszus/.m2/repository/p2/osgi/bundle/net.sourceforge.plantuml.eclipse.imagecontrol/1.1.23/net.sourceforge.plantuml.eclipse.imagecontrol-1.1.23.jar,reference:file:/home/speldszus/.m2/repository/p2/osgi/bundle/org.eclipse.equinox.common/3.10.400.v20190516-1504/org.eclipse.equinox.common-3.10.400.v20190516-1504.jar@2:start,reference:file:/home/speldszus/.m2/repository/p2/osgi/bundle/org.eclipse.equinox.registry/3.8.400.v20190516-1504/org.eclipse.equinox.registry-3.8.400.v20190516-1504.jar,reference:file:/home/speldszus/.m2/repository/p2/osgi/bundle/org.eclipse.core.jobs/3.10.400.v20190506-1457/org.eclipse.core.jobs-3.10.400.v20190506-1457.jar,reference:file:/home/speldszus/.m2/repository/p2/osgi/bundle/org.eclipse.jface/3.16.0.v20190528-0922/org.eclipse.jface-3.16.0.v20190528-0922.jar,reference:file:/home/speldszus/.m2/repository/p2/osgi/bundle/org.eclipse.swt.gtk.linux.x86_64/3.111.0.v20190605-1801/org.eclipse.swt.gtk.linux.x86_64-3.111.0.v20190605-1801.jar,reference:file:/home/speldszus/.m2/repository/p2/osgi/bundle/org.eclipse.swt/3.111.0.v20190605-1801/org.eclipse.swt-3.111.0.v20190605-1801.jar,reference:file:/home/speldszus/.m2/repository/p2/osgi/bundle/org.eclipse.ui.workbench/3.115.0.v20190521-1602/org.eclipse.ui.workbench-3.115.0.v20190521-1602.jar,reference:file:/home/speldszus/.m2/repository/p2/osgi/bundle/net.sourceforge.plantuml.eclipse/1.1.23/net.sourceforge.plantuml.eclipse-1.1.23.jar,reference:file:/home/speldszus/Documents/git/emoflon-tgg-mutation-test-tool/tests/de.unikoblenz.emoflon.tgg.mutationtest.tests/target/work/plugins/org.apache.ant_1.10.6.v20190516-0412,reference:file:/home/speldszus/.m2/repository/p2/osgi/bundle/org.apache.batik.constants/1.11.0.v20190515-0436/org.apache.batik.constants-1.11.0.v20190515-0436.jar,reference:file:/home/speldszus/.m2/repository/p2/osgi/bundle/org.w3c.dom.events/3.0.0.draft20060413_v201105210656/org.w3c.dom.events-3.0.0.draft20060413_v201105210656.jar,reference:file:/home/speldszus/.m2/repository/p2/osgi/bundle/org.w3c.css.sac/1.3.1.v200903091627/org.w3c.css.sac-1.3.1.v200903091627.jar,reference:file:/home/speldszus/.m2/repository/p2/osgi/bundle/org.w3c.dom.svg/1.1.0.v201011041433/org.w3c.dom.svg-1.1.0.v201011041433.jar,reference:file:/home/speldszus/.m2/repository/p2/osgi/bundle/org.apache.xmlgraphics/2.3.0.v20190515-0436/org.apache.xmlgraphics-2.3.0.v20190515-0436.jar,reference:file:/home/speldszus/.m2/repository/p2/osgi/bundle/org.apache.batik.css/1.11.0.v20190515-0436/org.apache.batik.css-1.11.0.v20190515-0436.jar,reference:file:/home/speldszus/.m2/repository/p2/osgi/bundle/org.apache.batik.util/1.11.0.v20190515-0436/org.apache.batik.util-1.11.0.v20190515-0436.jar,reference:file:/home/speldszus/.m2/repository/p2/osgi/bundle/org.apache.batik.i18n/1.11.0.v20190515-0436/org.apache.batik.i18n-1.11.0.v20190515-0436.jar,reference:file:/home/speldszus/.m2/repository/p2/osgi/bundle/org.apache.commons.cli/1.2.0.v201404270220/org.apache.commons.cli-1.2.0.v201404270220.jar,reference:file:/home/speldszus/.m2/repository/p2/osgi/bundle/org.apache.commons.lang/2.6.0.v201404270220/org.apache.commons.lang-2.6.0.v201404270220.jar,reference:file:/home/speldszus/.m2/repository/p2/osgi/bundle/org.apache.commons.logging/1.2.0.v20180409-1502/org.apache.commons.logging-1.2.0.v20180409-1502.jar,reference:file:/home/speldszus/.m2/repository/p2/osgi/bundle/org.apache.commons.io/2.6.0.v20190123-2029/org.apache.commons.io-2.6.0.v20190123-2029.jar,reference:file:/home/speldszus/.m2/repository/p2/osgi/bundle/org.apache.felix.scr/2.1.14.v20190123-1619/org.apache.felix.scr-2.1.14.v20190123-1619.jar@1:start,reference:file:/home/speldszus/.m2/repository/p2/osgi/bundle/org.eclipse.osgi.services/3.8.0.v20190206-2147/org.eclipse.osgi.services-3.8.0.v20190206-2147.jar,reference:file:/home/speldszus/.m2/repository/p2/osgi/bundle/org.eclipse.osgi.util/3.5.200.v20190115-2323/org.eclipse.osgi.util-3.5.200.v20190115-2323.jar,reference:file:/home/speldszus/.m2/repository/p2/osgi/bundle/org.bouncycastle.bcpg/1.61.0.v20190602-1335/org.bouncycastle.bcpg-1.61.0.v20190602-1335.jar,reference:file:/home/speldszus/.m2/repository/p2/osgi/bundle/org.bouncycastle.bcprov/1.61.0.v20190602-1335/org.bouncycastle.bcprov-1.61.0.v20190602-1335.jar,reference:file:/home/speldszus/.m2/repository/p2/osgi/bundle/org.eclipse.ant.core/3.5.400.v20190510-0606/org.eclipse.ant.core-3.5.400.v20190510-0606.jar,reference:file:/home/speldszus/.m2/repository/p2/osgi/bundle/org.eclipse.core.variables/3.4.500.v20190510-0549/org.eclipse.core.variables-3.4.500.v20190510-0549.jar,reference:file:/home/speldszus/.m2/repository/p2/osgi/bundle/org.eclipse.compare/3.7.600.v20190519-2354/org.eclipse.compare-3.7.600.v20190519-2354.jar,reference:file:/home/speldszus/.m2/repository/p2/osgi/bundle/org.eclipse.jface.text/3.15.200.v20190519-2344/org.eclipse.jface.text-3.15.200.v20190519-2344.jar,reference:file:/home/speldszus/.m2/repository/p2/osgi/bundle/org.eclipse.ui.views/3.9.400.v20190517-1612/org.eclipse.ui.views-3.9.400.v20190517-1612.jar,reference:file:/home/speldszus/.m2/repository/p2/osgi/bundle/org.eclipse.ui.workbench.texteditor/3.12.0.v20190519-2344/org.eclipse.ui.workbench.texteditor-3.12.0.v20190519-2344.jar,reference:file:/home/speldszus/.m2/repository/p2/osgi/bundle/org.eclipse.core.expressions/3.6.400.v20190518-1240/org.eclipse.core.expressions-3.6.400.v20190518-1240.jar,reference:file:/home/speldszus/.m2/repository/p2/osgi/bundle/org.eclipse.ui.editors/3.11.500.v20190519-2344/org.eclipse.ui.editors-3.11.500.v20190519-2344.jar,reference:file:/home/speldszus/.m2/repository/p2/osgi/bundle/org.eclipse.ui.forms/3.8.0.v20190519-1034/org.eclipse.ui.forms-3.8.0.v20190519-1034.jar,reference:file:/home/speldszus/.m2/repository/p2/osgi/bundle/org.eclipse.compare.core/3.6.500.v20190519-2354/org.eclipse.compare.core-3.6.500.v20190519-2354.jar,reference:file:/home/speldszus/.m2/repository/p2/osgi/bundle/org.eclipse.core.commands/3.9.400.v20190516-1358/org.eclipse.core.commands-3.9.400.v20190516-1358.jar,reference:file:/home/speldszus/.m2/repository/p2/osgi/bundle/org.eclipse.core.contenttype/3.7.300.v20190215-2048/org.eclipse.core.contenttype-3.7.300.v20190215-2048.jar,reference:file:/home/speldszus/.m2/repository/p2/osgi/bundle/org.eclipse.equinox.preferences/3.7.400.v20190516-1504/org.eclipse.equinox.preferences-3.7.400.v20190516-1504.jar,reference:file:/home/speldszus/.m2/repository/p2/osgi/bundle/org.eclipse.core.databinding/1.7.400.v20190513-2118/org.eclipse.core.databinding-1.7.400.v20190513-2118.jar,reference:file:/home/speldszus/.m2/repository/p2/osgi/bundle/org.eclipse.core.databinding.observable/1.7.0.v20190515-0910/org.eclipse.core.databinding.observable-1.7.0.v20190515-0910.jar,reference:file:/home/speldszus/.m2/repository/p2/osgi/bundle/org.eclipse.core.databinding.property/1.7.0.v20190510-1100/org.eclipse.core.databinding.property-1.7.0.v20190510-1100.jar,reference:file:/home/speldszus/.m2/repository/p2/osgi/bundle/org.eclipse.core.filebuffers/3.6.600.v20190519-2344/org.eclipse.core.filebuffers-3.6.600.v20190519-2344.jar,reference:file:/home/speldszus/.m2/repository/p2/osgi/bundle/org.eclipse.text/3.8.200.v20190519-2344/org.eclipse.text-3.8.200.v20190519-2344.jar,reference:file:/home/speldszus/.m2/repository/p2/osgi/bundle/org.eclipse.core.filesystem/1.7.400.v20190518-1151/org.eclipse.core.filesystem-1.7.400.v20190518-1151.jar,reference:file:/home/speldszus/.m2/repository/p2/osgi/bundle/org.eclipse.core.net/1.3.500.v20190519-2354/org.eclipse.core.net-1.3.500.v20190519-2354.jar,reference:file:/home/speldszus/.m2/repository/p2/osgi/bundle/org.eclipse.equinox.security/1.3.200.v20190516-1504/org.eclipse.equinox.security-1.3.200.v20190516-1504.jar,reference:file:/home/speldszus/.m2/repository/p2/osgi/bundle/org.eclipse.equinox.app/1.4.200.v20190516-1504/org.eclipse.equinox.app-1.4.200.v20190516-1504.jar,reference:file:/home/speldszus/.m2/repository/p2/osgi/bundle/org.eclipse.debug.core/3.13.300.v20190514-0832/org.eclipse.debug.core-3.13.300.v20190514-0832.jar,reference:file:/home/speldszus/.m2/repository/p2/osgi/bundle/org.eclipse.debug.ui/3.14.100.v20190518-2143/org.eclipse.debug.ui-3.14.100.v20190518-2143.jar,reference:file:/home/speldszus/.m2/repository/p2/osgi/bundle/org.eclipse.ui.console/3.8.500.v20190514-0743/org.eclipse.ui.console-3.8.500.v20190514-0743.jar,reference:file:/home/speldszus/.m2/repository/p2/osgi/bundle/org.eclipse.help/3.8.400.v20190423-0921/org.eclipse.help-3.8.400.v20190423-0921.jar,reference:file:/home/speldszus/.m2/repository/p2/osgi/bundle/org.eclipse.e4.core.commands/0.12.600.v20190510-1100/org.eclipse.e4.core.commands-0.12.600.v20190510-1100.jar,reference:file:/home/speldszus/.m2/repository/p2/osgi/bundle/org.eclipse.e4.core.di/1.7.200.v20190506-1457/org.eclipse.e4.core.di-1.7.200.v20190506-1457.jar,reference:file:/home/speldszus/.m2/repository/p2/osgi/bundle/org.eclipse.e4.core.contexts/1.8.100.v20190518-1217/org.eclipse.e4.core.contexts-1.8.100.v20190518-1217.jar,reference:file:/home/speldszus/.m2/repository/p2/osgi/bundle/org.eclipse.e4.core.services/2.1.400.v20181215-2145/org.eclipse.e4.core.services-2.1.400.v20181215-2145.jar,reference:file:/home/speldszus/.m2/repository/p2/osgi/bundle/org.eclipse.e4.core.di.annotations/1.6.400.v20190518-1217/org.eclipse.e4.core.di.annotations-1.6.400.v20190518-1217.jar,reference:file:/home/speldszus/.m2/repository/p2/osgi/bundle/org.eclipse.e4.core.di.extensions/0.15.300.v20190213-1308/org.eclipse.e4.core.di.extensions-0.15.300.v20190213-1308.jar,reference:file:/home/speldszus/.m2/repository/p2/osgi/bundle/org.eclipse.e4.core.di.extensions.supplier/0.15.300.v20190506-1457/org.eclipse.e4.core.di.extensions.supplier-0.15.300.v20190506-1457.jar,reference:file:/home/speldszus/.m2/repository/p2/osgi/bundle/org.eclipse.e4.emf.xpath/0.2.300.v20190513-2118/org.eclipse.e4.emf.xpath-0.2.300.v20190513-2118.jar,reference:file:/home/speldszus/.m2/repository/p2/osgi/bundle/org.apache.commons.jxpath/1.3.0.v200911051830/org.apache.commons.jxpath-1.3.0.v200911051830.jar,reference:file:/home/speldszus/.m2/repository/p2/osgi/bundle/org.eclipse.emf.ecore/2.18.0.v20190528-0845/org.eclipse.emf.ecore-2.18.0.v20190528-0845.jar,reference:file:/home/speldszus/.m2/repository/p2/osgi/bundle/org.eclipse.e4.ui.bindings/0.12.500.v20190510-1100/org.eclipse.e4.ui.bindings-0.12.500.v20190510-1100.jar,reference:file:/home/speldszus/.m2/repository/p2/osgi/bundle/org.eclipse.e4.ui.css.core/0.12.700.v20190513-2118/org.eclipse.e4.ui.css.core-0.12.700.v20190513-2118.jar,reference:file:/home/speldszus/.m2/repository/p2/osgi/bundle/org.eclipse.e4.ui.css.swt/0.13.500.v20190513-2118/org.eclipse.e4.ui.css.swt-0.13.500.v20190513-2118.jar,reference:file:/home/speldszus/.m2/repository/p2/osgi/bundle/org.eclipse.e4.ui.css.swt.theme/0.12.300.v20190510-1100/org.eclipse.e4.ui.css.swt.theme-0.12.300.v20190510-1100.jar,reference:file:/home/speldszus/.m2/repository/p2/osgi/bundle/org.eclipse.e4.ui.di/1.2.600.v20190510-1100/org.eclipse.e4.ui.di-1.2.600.v20190510-1100.jar,reference:file:/home/speldszus/.m2/repository/p2/osgi/bundle/org.eclipse.e4.ui.model.workbench/2.1.400.v20190513-2118/org.eclipse.e4.ui.model.workbench-2.1.400.v20190513-2118.jar,reference:file:/home/speldszus/.m2/repository/p2/osgi/bundle/org.eclipse.e4.ui.services/1.3.500.v20190513-2118/org.eclipse.e4.ui.services-1.3.500.v20190513-2118.jar,reference:file:/home/speldszus/.m2/repository/p2/osgi/bundle/org.eclipse.equinox.event/1.5.100.v20190528-1257/org.eclipse.equinox.event-1.5.100.v20190528-1257.jar,reference:file:/home/speldszus/.m2/repository/p2/osgi/bundle/org.eclipse.e4.ui.widgets/1.2.400.v20190510-1100/org.eclipse.e4.ui.widgets-1.2.400.v20190510-1100.jar,reference:file:/home/speldszus/.m2/repository/p2/osgi/bundle/org.eclipse.e4.ui.workbench/1.10.0.v20190529-1505/org.eclipse.e4.ui.workbench-1.10.0.v20190529-1505.jar,reference:file:/home/speldszus/.m2/repository/p2/osgi/bundle/org.eclipse.emf.ecore.xmi/2.16.0.v20190528-0725/org.eclipse.emf.ecore.xmi-2.16.0.v20190528-0725.jar,reference:file:/home/speldszus/.m2/repository/p2/osgi/bundle/org.eclipse.emf.ecore.change/2.14.0.v20190528-0725/org.eclipse.emf.ecore.change-2.14.0.v20190528-0725.jar,reference:file:/home/speldszus/.m2/repository/p2/osgi/bundle/org.eclipse.e4.ui.workbench.addons.swt/1.3.500.v20190513-2118/org.eclipse.e4.ui.workbench.addons.swt-1.3.500.v20190513-2118.jar,reference:file:/home/speldszus/.m2/repository/p2/osgi/bundle/org.eclipse.e4.ui.workbench.renderers.swt/0.14.700.v20190517-1525/org.eclipse.e4.ui.workbench.renderers.swt-0.14.700.v20190517-1525.jar,reference:file:/home/speldszus/.m2/repository/p2/osgi/bundle/org.eclipse.e4.ui.workbench.swt/0.14.600.v20190513-2118/org.eclipse.e4.ui.workbench.swt-0.14.600.v20190513-2118.jar,reference:file:/home/speldszus/.m2/repository/p2/osgi/bundle/org.eclipse.jface.databinding/1.9.0.v20190519-0933/org.eclipse.jface.databinding-1.9.0.v20190519-0933.jar,reference:file:/home/speldszus/.m2/repository/p2/osgi/bundle/org.eclipse.e4.ui.workbench3/0.15.100.v20190513-2118/org.eclipse.e4.ui.workbench3-0.15.100.v20190513-2118.jar,reference:file:/home/speldszus/.m2/repository/p2/osgi/bundle/org.eclipse.emf.common/2.16.0.v20190528-0845/org.eclipse.emf.common-2.16.0.v20190528-0845.jar,reference:file:/home/speldszus/.m2/repository/p2/osgi/bundle/org.eclipse.jdt.core/3.18.0.v20190522-0428/org.eclipse.jdt.core-3.18.0.v20190522-0428.jar,reference:file:/home/speldszus/.m2/repository/p2/osgi/bundle/org.eclipse.jdt.launching/3.14.0.v20190508-0531/org.eclipse.jdt.launching-3.14.0.v20190508-0531.jar,reference:file:/home/speldszus/.m2/repository/p2/osgi/bundle/org.eclipse.emf.codegen/2.16.0.v20190418-0907/org.eclipse.emf.codegen-2.16.0.v20190418-0907.jar,reference:file:/home/speldszus/.m2/repository/p2/osgi/bundle/org.eclipse.emf.codegen.ecore/2.18.0.v20190528-0725/org.eclipse.emf.codegen.ecore-2.18.0.v20190528-0725.jar,reference:file:/home/speldszus/.m2/repository/p2/osgi/bundle/org.eclipse.emf.common.ui/2.18.0.v20190507-0402/org.eclipse.emf.common.ui-2.18.0.v20190507-0402.jar,reference:file:/home/speldszus/.m2/repository/p2/osgi/bundle/org.eclipse.emf.edit/2.15.0.v20190528-0725/org.eclipse.emf.edit-2.15.0.v20190528-0725.jar,reference:file:/home/speldszus/.m2/repository/p2/osgi/bundle/org.eclipse.emf.compare/3.5.3.201905300200/org.eclipse.emf.compare-3.5.3.201905300200.jar,reference:file:/home/speldszus/.m2/repository/p2/osgi/bundle/org.apache.log4j/1.2.15.v201012070815/org.apache.log4j-1.2.15.v201012070815.jar,reference:file:/home/speldszus/.m2/repository/p2/osgi/bundle/org.eclipse.emf.ecore.edit/2.12.0.v20190226-1307/org.eclipse.emf.ecore.edit-2.12.0.v20190226-1307.jar,reference:file:/home/speldszus/.m2/repository/p2/osgi/bundle/org.eclipse.emf.edit.ui/2.16.0.v20181104-0733/org.eclipse.emf.edit.ui-2.16.0.v20181104-0733.jar,reference:file:/home/speldszus/.m2/repository/p2/osgi/bundle/org.eclipse.emf.ecore.editor/2.17.0.v20190528-0725/org.eclipse.emf.ecore.editor-2.17.0.v20190528-0725.jar,reference:file:/home/speldszus/.m2/repository/p2/osgi/bundle/org.eclipse.emf.mwe.core/1.4.0/org.eclipse.emf.mwe.core-1.4.0.jar,reference:file:/home/speldszus/.m2/repository/p2/osgi/bundle/org.eclipse.emf.mwe2.runtime/2.10.0/org.eclipse.emf.mwe2.runtime-2.10.0.jar,reference:file:/home/speldszus/.m2/repository/p2/osgi/bundle/org.eclipse.emf.mwe.utils/1.4.0/org.eclipse.emf.mwe.utils-1.4.0.jar,reference:file:/home/speldszus/.m2/repository/p2/osgi/bundle/org.eclipse.emf.mwe2.language/2.10.0/org.eclipse.emf.mwe2.language-2.10.0.jar,reference:file:/home/speldszus/.m2/repository/p2/osgi/bundle/org.eclipse.xtext.common.types/2.18.0.v20190528-0033/org.eclipse.xtext.common.types-2.18.0.v20190528-0033.jar,reference:file:/home/speldszus/.m2/repository/p2/osgi/bundle/org.eclipse.xtext.util/2.18.0.v20190528-0021/org.eclipse.xtext.util-2.18.0.v20190528-0021.jar,reference:file:/home/speldszus/.m2/repository/p2/osgi/bundle/org.antlr.runtime/3.2.0.v201101311130/org.antlr.runtime-3.2.0.v201101311130.jar,reference:file:/home/speldszus/.m2/repository/p2/osgi/bundle/org.eclipse.xtext.xbase.lib/2.18.0.v20190528-0016/org.eclipse.xtext.xbase.lib-2.18.0.v20190528-0016.jar,reference:file:/home/speldszus/.m2/repository/p2/osgi/bundle/org.eclipse.emf.mwe2.launch/2.10.0/org.eclipse.emf.mwe2.launch-2.10.0.jar,reference:file:/home/speldszus/.m2/repository/p2/osgi/bundle/org.eclipse.emf.mwe2.lib/2.10.0/org.eclipse.emf.mwe2.lib-2.10.0.jar,reference:file:/home/speldszus/.m2/repository/p2/osgi/bundle/org.eclipse.equinox.bidi/1.2.0.v20190514-1046/org.eclipse.equinox.bidi-1.2.0.v20190514-1046.jar,reference:file:/home/speldszus/.m2/repository/p2/osgi/bundle/org.eclipse.equinox.frameworkadmin/2.1.300.v20190318-1320/org.eclipse.equinox.frameworkadmin-2.1.300.v20190318-1320.jar,reference:file:/home/speldszus/.m2/repository/p2/osgi/bundle/org.eclipse.equinox.frameworkadmin.equinox/1.1.100.v20180822-1258/org.eclipse.equinox.frameworkadmin.equinox-1.1.100.v20180822-1258.jar,reference:file:/home/speldszus/.m2/repository/p2/osgi/bundle/org.eclipse.equinox.launcher/1.5.400.v20190515-0925/org.eclipse.equinox.launcher-1.5.400.v20190515-0925.jar,reference:file:/home/speldszus/.m2/repository/p2/osgi/bundle/org.eclipse.equinox.p2.artifact.repository/1.3.100.v20190330-1646/org.eclipse.equinox.p2.artifact.repository-1.3.100.v20190330-1646.jar,reference:file:/home/speldszus/.m2/repository/p2/osgi/bundle/org.eclipse.equinox.p2.metadata/2.4.400.v20190409-0548/org.eclipse.equinox.p2.metadata-2.4.400.v20190409-0548.jar,reference:file:/home/speldszus/.m2/repository/p2/osgi/bundle/org.tukaani.xz/1.8.0.v20180207-1613/org.tukaani.xz-1.8.0.v20180207-1613.jar,reference:file:/home/speldszus/.m2/repository/p2/osgi/bundle/org.eclipse.equinox.p2.core/2.6.0.v20190215-2242/org.eclipse.equinox.p2.core-2.6.0.v20190215-2242.jar,reference:file:/home/speldszus/.m2/repository/p2/osgi/bundle/org.eclipse.equinox.p2.jarprocessor/1.1.200.v20180921-1009/org.eclipse.equinox.p2.jarprocessor-1.1.200.v20180921-1009.jar,reference:file:/home/speldszus/.m2/repository/p2/osgi/bundle/org.eclipse.equinox.p2.repository/2.4.400.v20190318-1320/org.eclipse.equinox.p2.repository-2.4.400.v20190318-1320.jar,reference:file:/home/speldszus/.m2/repository/p2/osgi/bundle/org.eclipse.equinox.p2.director/2.4.300.v20190215-2242/org.eclipse.equinox.p2.director-2.4.300.v20190215-2242.jar,reference:file:/home/speldszus/.m2/repository/p2/osgi/bundle/org.sat4j.core/2.3.5.v201308161310/org.sat4j.core-2.3.5.v201308161310.jar,reference:file:/home/speldszus/.m2/repository/p2/osgi/bundle/org.sat4j.pb/2.3.5.v201404071733/org.sat4j.pb-2.3.5.v201404071733.jar,reference:file:/home/speldszus/.m2/repository/p2/osgi/bundle/org.eclipse.equinox.simpleconfigurator/1.3.200.v20181101-1115/org.eclipse.equinox.simpleconfigurator-1.3.200.v20181101-1115.jar@1:start,reference:file:/home/speldszus/.m2/repository/p2/osgi/bundle/org.eclipse.equinox.p2.engine/2.6.300.v20190318-1320/org.eclipse.equinox.p2.engine-2.6.300.v20190318-1320.jar,reference:file:/home/speldszus/.m2/repository/p2/osgi/bundle/org.eclipse.equinox.p2.director.app/1.1.200.v20180822-1302/org.eclipse.equinox.p2.director.app-1.1.200.v20180822-1302.jar,reference:file:/home/speldszus/.m2/repository/p2/osgi/bundle/org.eclipse.equinox.p2.metadata.repository/1.3.100.v20180822-1302/org.eclipse.equinox.p2.metadata.repository-1.3.100.v20180822-1302.jar,reference:file:/home/speldszus/.m2/repository/p2/osgi/bundle/org.eclipse.equinox.p2.garbagecollector/1.1.100.v20180822-1302/org.eclipse.equinox.p2.garbagecollector-1.1.100.v20180822-1302.jar,reference:file:/home/speldszus/.m2/repository/p2/osgi/bundle/org.eclipse.equinox.p2.publisher/1.5.100.v20180822-1302/org.eclipse.equinox.p2.publisher-1.5.100.v20180822-1302.jar,reference:file:/home/speldszus/.m2/repository/p2/osgi/bundle/org.eclipse.equinox.p2.publisher.eclipse/1.3.200.v20190329-1624/org.eclipse.equinox.p2.publisher.eclipse-1.3.200.v20190329-1624.jar,reference:file:/home/speldszus/.m2/repository/p2/osgi/bundle/org.eclipse.equinox.simpleconfigurator.manipulator/2.1.200.v20181123-1405/org.eclipse.equinox.simpleconfigurator.manipulator-2.1.200.v20181123-1405.jar,reference:file:/home/speldszus/.m2/repository/p2/osgi/bundle/org.eclipse.equinox.p2.repository.tools/2.2.200.v20181102-0649/org.eclipse.equinox.p2.repository.tools-2.2.200.v20181102-0649.jar,reference:file:/home/speldszus/.m2/repository/p2/osgi/bundle/org.eclipse.equinox.p2.touchpoint.eclipse/2.2.300.v20190215-2242/org.eclipse.equinox.p2.touchpoint.eclipse-2.2.300.v20190215-2242.jar,reference:file:/home/speldszus/.m2/repository/p2/osgi/bundle/org.eclipse.jdt.core.manipulation/1.11.200.v20190520-0718/org.eclipse.jdt.core.manipulation-1.11.200.v20190520-0718.jar,reference:file:/home/speldszus/.m2/repository/p2/osgi/bundle/org.eclipse.ltk.core.refactoring/3.10.100.v20190510-0840/org.eclipse.ltk.core.refactoring-3.10.100.v20190510-0840.jar,reference:file:/home/speldszus/Documents/git/emoflon-tgg-mutation-test-tool/tests/de.unikoblenz.emoflon.tgg.mutationtest.tests/target/work/plugins/org.eclipse.jdt.debug_3.13.0.v20190521-1707,reference:file:/home/speldszus/.m2/repository/p2/osgi/bundle/org.eclipse.jdt.ui/3.18.0.v20190601-2139/org.eclipse.jdt.ui-3.18.0.v20190601-2139.jar,reference:file:/home/speldszus/.m2/repository/p2/osgi/bundle/org.eclipse.search/3.11.600.v20190519-2344/org.eclipse.search-3.11.600.v20190519-2344.jar,reference:file:/home/speldszus/.m2/repository/p2/osgi/bundle/org.eclipse.team.ui/3.8.500.v20190519-2354/org.eclipse.team.ui-3.8.500.v20190519-2354.jar,reference:file:/home/speldszus/.m2/repository/p2/osgi/bundle/org.eclipse.team.core/3.8.600.v20190519-2354/org.eclipse.team.core-3.8.600.v20190519-2354.jar,reference:file:/home/speldszus/.m2/repository/p2/osgi/bundle/org.eclipse.ltk.ui.refactoring/3.9.400.v20190510-0840/org.eclipse.ltk.ui.refactoring-3.9.400.v20190510-0840.jar,reference:file:/home/speldszus/.m2/repository/p2/osgi/bundle/org.eclipse.ui.navigator/3.8.0.v20190519-2104/org.eclipse.ui.navigator-3.8.0.v20190519-2104.jar,reference:file:/home/speldszus/.m2/repository/p2/osgi/bundle/org.eclipse.ui.navigator.resources/3.6.500.v20190519-2104/org.eclipse.ui.navigator.resources-3.6.500.v20190519-2104.jar,reference:file:/home/speldszus/.m2/repository/p2/osgi/bundle/org.eclipse.jgit/5.4.0.201906121030-r/org.eclipse.jgit-5.4.0.201906121030-r.jar,reference:file:/home/speldszus/.m2/repository/p2/osgi/bundle/org.slf4j.api/1.7.10.v20170428-1633/org.slf4j.api-1.7.10.v20170428-1633.jar,reference:file:/home/speldszus/Documents/git/emoflon-tgg-mutation-test-tool/tests/de.unikoblenz.emoflon.tgg.mutationtest.tests/target/work/plugins/org.eclipse.pde.build_3.10.400.v20190320-1020,reference:file:/home/speldszus/.m2/repository/p2/osgi/bundle/org.eclipse.pde.core/3.13.0.v20190513-1223/org.eclipse.pde.core-3.13.0.v20190513-1223.jar,reference:file:/home/speldszus/.m2/repository/p2/osgi/bundle/org.eclipse.update.configurator/3.4.300.v20190518-1030/org.eclipse.update.configurator-3.4.300.v20190518-1030.jar,reference:file:/home/speldszus/.m2/repository/p2/osgi/bundle/org.eclipse.ui.ide.application/1.3.300.v20190513-2118/org.eclipse.ui.ide.application-1.3.300.v20190513-2118.jar,reference:file:/home/speldszus/.m2/repository/p2/osgi/bundle/org.eclipse.urischeme/1.0.300.v20190514-0858/org.eclipse.urischeme-1.0.300.v20190514-0858.jar,reference:file:/home/speldszus/.m2/repository/p2/osgi/bundle/org.eclipse.ui.views.properties.tabbed/3.8.500.v20190513-2118/org.eclipse.ui.views.properties.tabbed-3.8.500.v20190513-2118.jar,reference:file:/home/speldszus/.m2/repository/p2/osgi/bundle/org.eclipse.xtend.lib/2.18.0.v20190528-0016/org.eclipse.xtend.lib-2.18.0.v20190528-0016.jar,reference:file:/home/speldszus/.m2/repository/p2/osgi/bundle/org.eclipse.xtend.lib.macro/2.18.0.v20190528-0016/org.eclipse.xtend.lib.macro-2.18.0.v20190528-0016.jar,reference:file:/home/speldszus/.m2/repository/p2/osgi/bundle/org.objectweb.asm/7.1.0.v20190412-2143/org.objectweb.asm-7.1.0.v20190412-2143.jar,reference:file:/home/speldszus/.m2/repository/p2/osgi/bundle/org.eclipse.xtext.ide/2.18.0.v20190528-0021/org.eclipse.xtext.ide-2.18.0.v20190528-0021.jar,reference:file:/home/speldszus/.m2/repository/p2/osgi/bundle/org.eclipse.xtext.ui/2.18.0.v20190528-0513/org.eclipse.xtext.ui-2.18.0.v20190528-0513.jar,reference:file:/home/speldszus/.m2/repository/p2/osgi/bundle/org.emoflon.ibex.common.editor.utils/1.0.0.201908190956/org.emoflon.ibex.common.editor.utils-1.0.0.201908190956.jar,reference:file:/home/speldszus/.m2/repository/p2/osgi/bundle/org.moflon.core.ui.autosetup/1.0.0.201902020839/org.moflon.core.ui.autosetup-1.0.0.201902020839.jar,reference:file:/home/speldszus/.m2/repository/p2/osgi/bundle/org.moflon.core.utilities/3.0.0.201902020839/org.moflon.core.utilities-3.0.0.201902020839.jar,reference:file:/home/speldszus/.m2/repository/p2/osgi/bundle/org.moflon.core.plugins/3.1.0.201902020839/org.moflon.core.plugins-3.1.0.201902020839.jar,reference:file:/home/speldszus/.m2/repository/p2/osgi/bundle/org.moflon.core.ui/1.3.0.201902020839/org.moflon.core.ui-1.3.0.201902020839.jar,reference:file:/home/speldszus/.m2/repository/p2/osgi/bundle/org.gervarro.eclipse.task/1.0.1.v20160830-1402/org.gervarro.eclipse.task-1.0.1.v20160830-1402.jar,reference:file:/home/speldszus/.m2/repository/p2/osgi/bundle/org.gervarro.eclipse.workspace.autosetup/1.0.0.v20160830-1404/org.gervarro.eclipse.workspace.autosetup-1.0.0.v20160830-1404.jar,reference:file:/home/speldszus/.m2/repository/p2/osgi/bundle/org.gervarro.eclipse.workspace.util/2.0.0.v20161231-0038/org.gervarro.eclipse.workspace.util-2.0.0.v20161231-0038.jar,reference:file:/home/speldszus/.m2/repository/p2/osgi/bundle/org.gravity.typegraph.basic/1.0.0.201909021812/org.gravity.typegraph.basic-1.0.0.201909021812.jar,reference:file:/home/speldszus/.m2/repository/p2/osgi/bundle/org.hamcrest.core/1.3.0.v20180420-1519/org.hamcrest.core-1.3.0.v20180420-1519.jar,reference:file:/home/speldszus/.m2/repository/p2/osgi/bundle/org.moflon.core.build/1.1.0.201902020839/org.moflon.core.build-1.1.0.201902020839.jar,reference:file:/home/speldszus/.m2/repository/p2/osgi/bundle/org.moflon.core.propertycontainer/2.1.0.201902020839/org.moflon.core.propertycontainer-2.1.0.201902020839.jar,reference:file:/home/speldszus/.m2/repository/p2/osgi/bundle/org.apache.commons.lang3/3.1.0.v201403281430/org.apache.commons.lang3-3.1.0.v201403281430.jar,reference:file:/home/speldszus/.m2/repository/p2/osgi/bundle/org.w3c.dom.smil/1.0.1.v200903091627/org.w3c.dom.smil-1.0.1.v200903091627.jar,reference:file:/home/speldszus/.m2/repository/p2/osgi/bundle/org.eclipse.swt.win32.win32.x86_64/3.111.0.v20190605-1801/org.eclipse.swt.win32.win32.x86_64-3.111.0.v20190605-1801.jar,reference:file:/home/speldszus/.m2/repository/p2/osgi/bundle/org.eclipse.swt.cocoa.macosx.x86_64/3.111.0.v20190605-1801/org.eclipse.swt.cocoa.macosx.x86_64-3.111.0.v20190605-1801.jar,reference:file:/home/speldszus/.m2/repository/org/eclipse/tycho/org.eclipse.tycho.surefire.osgibooter/1.4.0/org.eclipse.tycho.surefire.osgibooter-1.4.0.jar,reference:file:/home/speldszus/.m2/repository/org/eclipse/tycho/org.eclipse.tycho.surefire.junit4/1.4.0/org.eclipse.tycho.surefire.junit4-1.4.0.jar"/>
    <property name="osgi.framework.shape" value="jar"/>
    <property name="java.vm.name" value="Java HotSpot(TM) 64-Bit Server VM"/>
    <property name="osgi.framework" value="file:/home/speldszus/.m2/repository/p2/osgi/bundle/org.eclipse.osgi/3.14.0.v20190517-1309/org.eclipse.osgi-3.14.0.v20190517-1309.jar"/>
    <property name="osgi.configuration.area" value="file:/home/speldszus/Documents/git/emoflon-tgg-mutation-test-tool/tests/de.unikoblenz.emoflon.tgg.mutationtest.tests/target/work/configuration/"/>
    <property name="osgi.os" value="linux"/>
    <property name="osgi.clean" value="true"/>
    <property name="java.vendor.url.bug" value="http://bugreport.sun.com/bugreport/"/>
    <property name="org.osgi.framework.os.name" value="Linux"/>
    <property name="org.osgi.supports.framework.extension" value="true"/>
    <property name="org.osgi.framework.storage" value="/home/speldszus/Documents/git/emoflon-tgg-mutation-test-tool/tests/de.unikoblenz.emoflon.tgg.mutationtest.tests/target/work/configuration"/>
    <property name="user.dir" value="/home/speldszus/Documents/git/emoflon-tgg-mutation-test-tool/tests/de.unikoblenz.emoflon.tgg.mutationtest.tests"/>
    <property name="os.arch" value="amd64"/>
    <property name="osgi.ws" value="gtk"/>
    <property name="osgi.instance.area" value="file:/home/speldszus/Documents/git/emoflon-tgg-mutation-test-tool/tests/de.unikoblenz.emoflon.tgg.mutationtest.tests/target/work/data/"/>
    <property name="eclipse.startTime" value="1567455328260"/>
    <property name="org.osgi.framework.os.version" value="5.0.0"/>
    <property name="java.vm.info" value="mixed mode"/>
    <property name="java.vm.version" value="25.201-b09"/>
    <property name="java.ext.dirs" value="/usr/lib/jvm/java-8-oracle/jre/lib/ext:/usr/java/packages/lib/ext"/>
    <property name="java.class.version" value="52.0"/>
  </properties>
  <testcase name="loadTGGRuleTest" classname="de.unikoblenz.emoflon.tgg.mutationtest.tests.TGGRuleUtilTest" time="14.438"/>
  <testcase name="serializeTGGRuleTest" classname="de.unikoblenz.emoflon.tgg.mutationtest.tests.TGGRuleUtilTest" time="14.275"/>
</testsuite>